<?xml version="1.0" encoding="UTF-8"?>
<!-- Generated by org.testng.reporters.JUnitReportReporter -->
<testsuite hostname="DESKTOP-AB8PRMV" failures="0" tests="1" name="testCases.TC002_LoginTest" time="2.366" errors="0" timestamp="2025-06-21T15:03:45 IST" skipped="0">
  <testcase classname="testCases.TC002_LoginTest" name="login" time="2.366"/>
</testsuite> <!-- testCases.TC002_LoginTest -->
